#
# There is insufficient memory for the Java Runtime Environment to continue.
# Native memory allocation (mmap) failed to map 266338304 bytes. Error detail: G1 virtual space
# Possible reasons:
#   The system is out of physical RAM or swap space
#   This process is running with CompressedOops enabled, and the Java Heap may be blocking the growth of the native heap
# Possible solutions:
#   Reduce memory load on the system
#   Increase physical memory or swap space
#   Check if swap backing store is full
#   Decrease Java heap size (-Xmx/-Xms)
#   Decrease number of Java threads
#   Decrease Java thread stack sizes (-Xss)
#   Set larger code cache with -XX:ReservedCodeCacheSize=
#   JVM is running with Zero Based Compressed Oops mode in which the Java heap is
#     placed in the first 32GB address space. The Java Heap base address is the
#     maximum limit for the native heap growth. Please use -XX:HeapBaseMinAddress
#     to set the Java Heap base and to place the Java Heap above 32GB virtual address.
# This output file may be truncated or incomplete.
#
#  Out of Memory Error (os_windows.cpp:3710), pid=15848, tid=34356
#
# JRE version:  (17.0.14+7) (build )
# Java VM: OpenJDK 64-Bit Server VM (17.0.14+7-LTS, mixed mode, sharing, tiered, compressed oops, compressed class ptrs, g1 gc, windows-amd64)
# No core dump will be written. Minidumps are not enabled by default on client versions of Windows
#

---------------  S U M M A R Y ------------

Command Line: C:\Program Files (x86)\Android\android-sdk\build-tools\35.0.0\lib\apksigner.jar sign --ks C:\Users\Kyle\AppData\Local\Xamarin\Mono for Android\debug.keystore --ks-pass pass:android --ks-key-alias androiddebugkey --key-pass pass:android --min-sdk-version 21 --max-sdk-version 35 bin\Debug\net9.0-android\com.companyname.letsplan-Signed.apk

Host: Intel(R) Core(TM) i7-9700 CPU @ 3.00GHz, 8 cores, 15G,  Windows 11 , 64 bit Build 26100 (10.0.26100.8246)
Time: Thu May  7 23:35:10 2026 Eastern Daylight Time elapsed time: 2.429091 seconds (0d 0h 0m 2s)

---------------  T H R E A D  ---------------

Current thread (0x000001926bf1ac20):  JavaThread "Unknown thread" [_thread_in_vm, id=34356, stack(0x0000002007300000,0x0000002007400000)]

Stack: [0x0000002007300000,0x0000002007400000]
Native frames: (J=compiled Java code, j=interpreted, Vv=VM code, C=native code)
V  [jvm.dll+0x6886b9]
V  [jvm.dll+0x83f6f8]
V  [jvm.dll+0x8411a3]
V  [jvm.dll+0x841813]
V  [jvm.dll+0x2495cf]
V  [jvm.dll+0x6855f9]
V  [jvm.dll+0x679a8a]
V  [jvm.dll+0x30afc7]
V  [jvm.dll+0x312536]
V  [jvm.dll+0x362eee]
V  [jvm.dll+0x36312d]
V  [jvm.dll+0x2e225c]
V  [jvm.dll+0x2e3174]
V  [jvm.dll+0x8115fb]
V  [jvm.dll+0x370c01]
V  [jvm.dll+0x7f00ef]
V  [jvm.dll+0x3f76ff]
V  [jvm.dll+0x3f9231]
C  [jli.dll+0x52a0]
C  [ucrtbase.dll+0x37b0]
C  [KERNEL32.DLL+0x2e8d7]
C  [ntdll.dll+0x8c3fc]


---------------  P R O C E S S  ---------------

Threads class SMR info:
_java_thread_list=0x00007ffa4a1aefd8, length=0, elements={
}

Java Threads: ( => current thread )

Other Threads:
  0x000001926bf89310 GCTaskThread "GC Thread#0" [stack: 0x0000002007400000,0x0000002007500000] [id=28344]
  0x000001926bf99e70 ConcurrentGCThread "G1 Main Marker" [stack: 0x0000002007500000,0x0000002007600000] [id=27620]
  0x000001926bf9a7a0 ConcurrentGCThread "G1 Conc#0" [stack: 0x0000002007600000,0x0000002007700000] [id=25632]

[error occurred during error reporting (printing all threads), id 0xc0000005, EXCEPTION_ACCESS_VIOLATION (0xc0000005) at pc=0x00007ffa49962db7]

VM state: not at safepoint (not fully initialized)

VM Mutex/Monitor currently owned by a thread:  ([mutex/lock_event])
[0x000001926bf17400] Heap_lock - owner thread: 0x000001926bf1ac20

Heap address: 0x0000000703000000, size: 4048 MB, Compressed Oops mode: Zero based, Oop shift amount: 3

CDS archive(s) mapped at: [0x0000000000000000-0x0000000000000000-0x0000000000000000), size 0, SharedBaseAddress: 0x0000000800000000, ArchiveRelocationMode: 1.
Narrow klass base: 0x0000000000000000, Narrow klass shift: 0, Narrow klass range: 0x0

GC Precious Log:
<Empty>

Heap:
 garbage-first heap   total 0K, used 0K [0x0000000703000000, 0x0000000800000000)
  region size 2048K, 0 young (0K), 0 survivors (0K)

[error occurred during error reporting (printing heap information), id 0xc0000005, EXCEPTION_ACCESS_VIOLATION (0xc0000005) at pc=0x00007ffa49d522e9]

GC Heap History (0 events):
No events

Dll operation events (1 events):
Event: 0.024 Loaded shared library C:\Program Files (x86)\Android\openjdk\jdk-17.0.14\bin\java.dll

Deoptimization events (0 events):
No events

Classes loaded (0 events):
No events

Classes unloaded (0 events):
No events

Classes redefined (0 events):
No events

Internal exceptions (0 events):
No events

VM Operations (0 events):
No events

Memory protections (0 events):
No events

Nmethod flushes (0 events):
No events

Events (0 events):
No events


Dynamic libraries:
0x00007ff6f6b20000 - 0x00007ff6f6b2e000 	C:\Program Files (x86)\Android\openjdk\jdk-17.0.14\bin\java.exe
0x00007ffbafd80000 - 0x00007ffbaffe7000 	C:\WINDOWS\SYSTEM32\ntdll.dll
0x00007ffbaf2f0000 - 0x00007ffbaf3b9000 	C:\WINDOWS\System32\KERNEL32.DLL
0x00007ffbad320000 - 0x00007ffbad714000 	C:\WINDOWS\System32\KERNELBASE.dll
0x00007ffbad900000 - 0x00007ffbada4b000 	C:\WINDOWS\System32\ucrtbase.dll
0x00007ffb959c0000 - 0x00007ffb959d7000 	C:\Program Files (x86)\Android\openjdk\jdk-17.0.14\bin\jli.dll
0x00007ffb95950000 - 0x00007ffb9596d000 	C:\Program Files (x86)\Android\openjdk\jdk-17.0.14\bin\VCRUNTIME140.dll
0x00007ffbae8b0000 - 0x00007ffbaea75000 	C:\WINDOWS\System32\USER32.dll
0x00007ffb93a90000 - 0x00007ffb93d23000 	C:\WINDOWS\WinSxS\amd64_microsoft.windows.common-controls_6595b64144ccf1df_6.0.26100.8115_none_3e075c82e3354f9c\COMCTL32.dll
0x00007ffbaeac0000 - 0x00007ffbaeb69000 	C:\WINDOWS\System32\msvcrt.dll
0x00007ffbadb10000 - 0x00007ffbadb3b000 	C:\WINDOWS\System32\GDI32.dll
0x00007ffbada50000 - 0x00007ffbada77000 	C:\WINDOWS\System32\win32u.dll
0x00007ffbad7d0000 - 0x00007ffbad8fb000 	C:\WINDOWS\System32\gdi32full.dll
0x00007ffbad720000 - 0x00007ffbad7c3000 	C:\WINDOWS\System32\msvcp_win.dll
0x00007ffbaea80000 - 0x00007ffbaeab2000 	C:\WINDOWS\System32\IMM32.DLL
0x00007ffba45e0000 - 0x00007ffba45ec000 	C:\Program Files (x86)\Android\openjdk\jdk-17.0.14\bin\vcruntime140_1.dll
0x00007ffadad00000 - 0x00007ffadad8d000 	C:\Program Files (x86)\Android\openjdk\jdk-17.0.14\bin\msvcp140.dll
0x00007ffa49670000 - 0x00007ffa4a2e2000 	C:\Program Files (x86)\Android\openjdk\jdk-17.0.14\bin\server\jvm.dll
0x00007ffbaf970000 - 0x00007ffbafa26000 	C:\WINDOWS\System32\ADVAPI32.dll
0x00007ffbae6a0000 - 0x00007ffbae747000 	C:\WINDOWS\System32\sechost.dll
0x00007ffbafc10000 - 0x00007ffbafd28000 	C:\WINDOWS\System32\RPCRT4.dll
0x00007ffbafb80000 - 0x00007ffbafc00000 	C:\WINDOWS\System32\WS2_32.dll
0x00007ffba5830000 - 0x00007ffba583b000 	C:\WINDOWS\SYSTEM32\VERSION.dll
0x00007ffbac300000 - 0x00007ffbac35e000 	C:\WINDOWS\SYSTEM32\POWRPROF.dll
0x00007ffb9ec70000 - 0x00007ffb9eca6000 	C:\WINDOWS\SYSTEM32\WINMM.dll
0x00007ffbac2e0000 - 0x00007ffbac2f4000 	C:\WINDOWS\SYSTEM32\UMPDC.dll
0x00007ffbab3a0000 - 0x00007ffbab3bb000 	C:\WINDOWS\SYSTEM32\kernel.appcore.dll
0x00007ffb95ac0000 - 0x00007ffb95aca000 	C:\Program Files (x86)\Android\openjdk\jdk-17.0.14\bin\jimage.dll
0x00007ffba9fa0000 - 0x00007ffbaa1e2000 	C:\WINDOWS\SYSTEM32\DBGHELP.DLL
0x00007ffbaf3c0000 - 0x00007ffbaf742000 	C:\WINDOWS\System32\combase.dll
0x00007ffbaf040000 - 0x00007ffbaf118000 	C:\WINDOWS\System32\OLEAUT32.dll
0x00007ffb84210000 - 0x00007ffb8424b000 	C:\WINDOWS\SYSTEM32\dbgcore.DLL
0x00007ffbad040000 - 0x00007ffbad0e5000 	C:\WINDOWS\System32\bcryptPrimitives.dll
0x00007ffb8cf00000 - 0x00007ffb8cf25000 	C:\Program Files (x86)\Android\openjdk\jdk-17.0.14\bin\java.dll

dbghelp: loaded successfully - version: 4.0.5 - missing functions: none
symbol engine: initialized successfully - sym options: 0x614 - pdb path: .;C:\Program Files (x86)\Android\openjdk\jdk-17.0.14\bin;C:\WINDOWS\SYSTEM32;C:\WINDOWS\WinSxS\amd64_microsoft.windows.common-controls_6595b64144ccf1df_6.0.26100.8115_none_3e075c82e3354f9c;C:\Program Files (x86)\Android\openjdk\jdk-17.0.14\bin\server

VM Arguments:
java_command: C:\Program Files (x86)\Android\android-sdk\build-tools\35.0.0\lib\apksigner.jar sign --ks C:\Users\Kyle\AppData\Local\Xamarin\Mono for Android\debug.keystore --ks-pass pass:android --ks-key-alias androiddebugkey --key-pass pass:android --min-sdk-version 21 --max-sdk-version 35 bin\Debug\net9.0-android\com.companyname.letsplan-Signed.apk
java_class_path (initial): C:\Program Files (x86)\Android\android-sdk\build-tools\35.0.0\lib\apksigner.jar
Launcher Type: SUN_STANDARD

[Global flags]
     intx CICompilerCount                          = 4                                         {product} {ergonomic}
     uint ConcGCThreads                            = 2                                         {product} {ergonomic}
     uint G1ConcRefinementThreads                  = 8                                         {product} {ergonomic}
   size_t G1HeapRegionSize                         = 2097152                                   {product} {ergonomic}
    uintx GCDrainStackTargetSize                   = 64                                        {product} {ergonomic}
   size_t InitialHeapSize                          = 266338304                                 {product} {ergonomic}
   size_t MarkStackSize                            = 4194304                                   {product} {ergonomic}
   size_t MaxHeapSize                              = 4244635648                                {product} {ergonomic}
   size_t MinHeapDeltaBytes                        = 2097152                                   {product} {ergonomic}
   size_t MinHeapSize                              = 8388608                                   {product} {ergonomic}
    uintx NonNMethodCodeHeapSize                   = 5839372                                {pd product} {ergonomic}
    uintx NonProfiledCodeHeapSize                  = 122909434                              {pd product} {ergonomic}
    uintx ProfiledCodeHeapSize                     = 122909434                              {pd product} {ergonomic}
    uintx ReservedCodeCacheSize                    = 251658240                              {pd product} {ergonomic}
     bool SegmentedCodeCache                       = true                                      {product} {ergonomic}
   size_t SoftMaxHeapSize                          = 4244635648                             {manageable} {ergonomic}
     bool UseCompressedClassPointers               = true                           {product lp64_product} {ergonomic}
     bool UseCompressedOops                        = true                           {product lp64_product} {ergonomic}
     bool UseG1GC                                  = true                                      {product} {ergonomic}
     bool UseLargePagesIndividualAllocation        = false                                  {pd product} {ergonomic}

Logging:
Log output configuration:
 #0: stdout all=warning uptime,level,tags
 #1: stderr all=off uptime,level,tags

Environment Variables:
PATH=C:\Program Files (x86)\Android\openjdk\jdk-17.0.14\bin;C:\Program Files\Microsoft\jdk-11.0.16.101-hotspot\bin;C:\Windows\system32;C:\Windows;C:\Windows\System32\Wbem;C:\Windows\System32\WindowsPowerShell\v1.0\;C:\Windows\System32\OpenSSH\;C:\Program Files (x86)\NVIDIA Corporation\PhysX\Common;C:\WINDOWS\system32;C:\WINDOWS;C:\WINDOWS\System32\Wbem;C:\WINDOWS\System32\WindowsPowerShell\v1.0\;C:\WINDOWS\System32\OpenSSH\;C:\Program Files\dotnet\;C:\Program Files\Microsoft SQL Server\150\Tools\Binn\;C:\Program Files\Git\cmd;C:\Program Files\Microsoft SQL Server\Client SDK\ODBC\170\Tools\Binn\;C:\Program Files (x86)\Microsoft SQL Server\160\Tools\Binn\;C:\Program Files\Microsoft SQL Server\160\Tools\Binn\;C:\Program Files\Microsoft SQL Server\160\DTS\Binn\;C:\Program Files (x86)\Microsoft SQL Server\160\DTS\Binn\;C:\Program Files\Azure Data Studio\bin;C:\Program Files\Microsoft SQL Server\130\DTS\Binn\;C:\Program Files\Microsoft SQL Server\140\DTS\Binn\;C:\Program Files\Microsoft SQL Server\150\DTS\Binn\;C:\Program Files\NVIDIA Corporation\NVIDIA app\NvDLISR;C:\Program Files\nodejs\;C:\Program Files (x86)\Windows Kits\10\Windows Performance Toolkit\;C:\Users\Kyle\AppData\Local\Programs\Python\Python312\Scripts\;C:\Users\Kyle\AppData\Local\Programs\Python\Python312\;C:\Program Files\MySQL\MySQL Shell 8.0\bin\;C:\Users\Kyle\AppData\Roaming\.dotnet;C:\Users\Kyle\AppData\Local\Microsoft\WindowsApps;C:\Users\Kyle\.dotnet\tools;C:\Users\Kyle\AppData\Local\Programs\Microsoft VS Code\bin;C:\Program Files\Azure Data Studio\bin;C:\Users\Kyle\AppData\Local\GitHubDesktop\bin;D:\cursor\resources\app\bin;C:\Users\Kyle\AppData\Roaming\npm;
USERNAME=Kyle
OS=Windows_NT
PROCESSOR_IDENTIFIER=Intel64 Family 6 Model 158 Stepping 13, GenuineIntel
TMP=C:\Users\Kyle\AppData\Local\Temp
TEMP=C:\Users\Kyle\AppData\Local\Temp



Periodic native trim disabled


---------------  S Y S T E M  ---------------

OS:
 Windows 11 , 64 bit Build 26100 (10.0.26100.8246)
OS uptime: 9 days 6:14 hours
Hyper-V role detected

CPU: total 8 (initial active 8) (8 cores per cpu, 1 threads per core) family 6 model 158 stepping 13 microcode 0xde, cx8, cmov, fxsr, mmx, 3dnowpref, sse, sse2, sse3, ssse3, sse4.1, sse4.2, popcnt, lzcnt, tsc, tscinvbit, avx, avx2, aes, erms, clmul, bmi1, bmi2, adx, fma, vzeroupper, clflush, clflushopt, hv
Processor Information for the first 8 processors :
  Max Mhz: 3000, Current Mhz: 3000, Mhz Limit: 3000

Memory: 4k page, system-wide physical 16185M (1806M free)
TotalPageFile size 65337M (AvailPageFile size 223M)
current process WorkingSet (physical memory assigned to process): 12M, peak: 12M
current process commit charge ("private bytes"): 60M, peak: 314M

vm_info: OpenJDK 64-Bit Server VM (17.0.14+7-LTS) for windows-amd64 JRE (17.0.14+7-LTS), built on Jan  8 2025 23:39:28 by "MicrosoftCorporation" with unknown MS VC++:1939

END.
